<?xml version="1.0" encoding="UTF-8"?>
<testsuite name="Cucumber" time="38.002" tests="1" skipped="0" failures="1" errors="0">
<testcase classname="Shopping on Etsy" name="User should be able to shop on etsy site" time="37.811">
<failure type="org.openqa.selenium.ElementClickInterceptedException" message="element click intercepted: Element &lt;input id=&quot;cc-radio--paymentstep&quot; type=&quot;radio&quot; name=&quot;payment_method&quot; class=&quot;radio&quot; data-payment-method=&quot;cc&quot; autocomplete=&quot;off&quot;&gt; is not clickable at point (454, 235). Other element would receive the click: &lt;label class=&quot;wt-width-full&quot; for=&quot;cc-radio--paymentstep&quot;&gt;...&lt;/label&gt;
  (Session info: chrome=114.0.5735.110)
Build info: version: '4.8.0', revision: '267030adea'
System info: os.name: 'Windows 11', os.arch: 'amd64', os.version: '10.0', java.version: '11.0.18'
Driver info: org.openqa.selenium.chrome.ChromeDriver
Command: [05a18bfd2557547e512dc8e513fcd348, clickElement {id=5E27B379A90AE3DB0F36925BD735E3AB_element_317}]
Capabilities {acceptInsecureCerts: false, browserName: chrome, browserVersion: 114.0.5735.110, chrome: {chromedriverVersion: 114.0.5735.90 (386bc09e8f4f..., userDataDir: C:\Users\Lenovo\AppData\Loc...}, goog:chromeOptions: {debuggerAddress: localhost:51048}, networkConnectionEnabled: false, pageLoadStrategy: normal, platformName: WINDOWS, proxy: Proxy(), se:cdp: ws://localhost:51048/devtoo..., se:cdpVersion: 114.0.5735.110, setWindowRect: true, strictFileInteractability: false, timeouts: {implicit: 0, pageLoad: 300000, script: 30000}, unhandledPromptBehavior: dismiss and notify, webauthn:extension:credBlob: true, webauthn:extension:largeBlob: true, webauthn:extension:minPinLength: true, webauthn:extension:prf: true, webauthn:virtualAuthenticators: true}
Element: [[ChromeDriver: chrome on WINDOWS (05a18bfd2557547e512dc8e513fcd348)] -&gt; id: cc-radio--paymentstep]
Session ID: 05a18bfd2557547e512dc8e513fcd348">
<![CDATA[org.openqa.selenium.ElementClickInterceptedException: element click intercepted: Element <input id="cc-radio--paymentstep" type="radio" name="payment_method" class="radio" data-payment-method="cc" autocomplete="off"> is not clickable at point (454, 235). Other element would receive the click: <label class="wt-width-full" for="cc-radio--paymentstep">...</label>
  (Session info: chrome=114.0.5735.110)
Build info: version: '4.8.0', revision: '267030adea'
System info: os.name: 'Windows 11', os.arch: 'amd64', os.version: '10.0', java.version: '11.0.18'
Driver info: org.openqa.selenium.chrome.ChromeDriver
Command: [05a18bfd2557547e512dc8e513fcd348, clickElement {id=5E27B379A90AE3DB0F36925BD735E3AB_element_317}]
Capabilities {acceptInsecureCerts: false, browserName: chrome, browserVersion: 114.0.5735.110, chrome: {chromedriverVersion: 114.0.5735.90 (386bc09e8f4f..., userDataDir: C:\Users\Lenovo\AppData\Loc...}, goog:chromeOptions: {debuggerAddress: localhost:51048}, networkConnectionEnabled: false, pageLoadStrategy: normal, platformName: WINDOWS, proxy: Proxy(), se:cdp: ws://localhost:51048/devtoo..., se:cdpVersion: 114.0.5735.110, setWindowRect: true, strictFileInteractability: false, timeouts: {implicit: 0, pageLoad: 300000, script: 30000}, unhandledPromptBehavior: dismiss and notify, webauthn:extension:credBlob: true, webauthn:extension:largeBlob: true, webauthn:extension:minPinLength: true, webauthn:extension:prf: true, webauthn:virtualAuthenticators: true}
Element: [[ChromeDriver: chrome on WINDOWS (05a18bfd2557547e512dc8e513fcd348)] -> id: cc-radio--paymentstep]
Session ID: 05a18bfd2557547e512dc8e513fcd348
	at java.base/jdk.internal.reflect.NativeConstructorAccessorImpl.newInstance0(Native Method)
	at java.base/jdk.internal.reflect.NativeConstructorAccessorImpl.newInstance(NativeConstructorAccessorImpl.java:62)
	at java.base/jdk.internal.reflect.DelegatingConstructorAccessorImpl.newInstance(DelegatingConstructorAccessorImpl.java:45)
	at java.base/java.lang.reflect.Constructor.newInstance(Constructor.java:490)
	at org.openqa.selenium.remote.codec.w3c.W3CHttpResponseCodec.createException(W3CHttpResponseCodec.java:200)
	at org.openqa.selenium.remote.codec.w3c.W3CHttpResponseCodec.decode(W3CHttpResponseCodec.java:133)
	at org.openqa.selenium.remote.codec.w3c.W3CHttpResponseCodec.decode(W3CHttpResponseCodec.java:53)
	at org.openqa.selenium.remote.HttpCommandExecutor.execute(HttpCommandExecutor.java:184)
	at org.openqa.selenium.remote.service.DriverCommandExecutor.invokeExecute(DriverCommandExecutor.java:167)
	at org.openqa.selenium.remote.service.DriverCommandExecutor.execute(DriverCommandExecutor.java:142)
	at org.openqa.selenium.remote.RemoteWebDriver.execute(RemoteWebDriver.java:543)
	at org.openqa.selenium.remote.RemoteWebElement.execute(RemoteWebElement.java:257)
	at org.openqa.selenium.remote.RemoteWebElement.click(RemoteWebElement.java:78)
	at java.base/jdk.internal.reflect.NativeMethodAccessorImpl.invoke0(Native Method)
	at java.base/jdk.internal.reflect.NativeMethodAccessorImpl.invoke(NativeMethodAccessorImpl.java:62)
	at java.base/jdk.internal.reflect.DelegatingMethodAccessorImpl.invoke(DelegatingMethodAccessorImpl.java:43)
	at java.base/java.lang.reflect.Method.invoke(Method.java:566)
	at org.openqa.selenium.support.pagefactory.internal.LocatingElementHandler.invoke(LocatingElementHandler.java:52)
	at com.sun.proxy.$Proxy19.click(Unknown Source)
	at pages.Page.buy(Page.java:110)
	at stepDefinitions.StepDefinitions.user_completes_the_purchase(StepDefinitions.java:45)
	at âœ½.User completes the purchase(file:///C:/Users/Lenovo/Desktop/Proje%20Team%205/Etsy/src/test/resources/etsy.feature:10)
]]>
</failure>
<system-out><![CDATA[
* User goes to "Url"........................................................passed
* Click on the Sign in button...............................................passed
* User enter the valid datas and login......................................passed
* User choose the product...................................................passed
* User choose the options...................................................passed
* User completes the purchase...............................................failed
]]></system-out>
</testcase>
</testsuite>
